mode: set
github.com/palomavs/go-web-II/internal/products/repository.go:25.47,27.2 1 1
github.com/palomavs/go-web-II/internal/products/repository.go:29.76,32.45 2 1
github.com/palomavs/go-web-II/internal/products/repository.go:35.2,35.22 1 1
github.com/palomavs/go-web-II/internal/products/repository.go:32.45,34.3 1 1
github.com/palomavs/go-web-II/internal/products/repository.go:38.190,44.16 4 1
github.com/palomavs/go-web-II/internal/products/repository.go:49.2,51.16 3 1
github.com/palomavs/go-web-II/internal/products/repository.go:55.2,55.24 1 1
github.com/palomavs/go-web-II/internal/products/repository.go:44.16,46.3 1 1
github.com/palomavs/go-web-II/internal/products/repository.go:51.16,53.3 1 0
github.com/palomavs/go-web-II/internal/products/repository.go:58.63,62.16 3 1
github.com/palomavs/go-web-II/internal/products/repository.go:66.2,66.24 1 1
github.com/palomavs/go-web-II/internal/products/repository.go:70.2,70.42 1 1
github.com/palomavs/go-web-II/internal/products/repository.go:62.16,64.3 1 1
github.com/palomavs/go-web-II/internal/products/repository.go:66.24,68.3 1 1
github.com/palomavs/go-web-II/internal/products/repository.go:73.191,80.16 5 1
github.com/palomavs/go-web-II/internal/products/repository.go:84.2,84.26 1 1
github.com/palomavs/go-web-II/internal/products/repository.go:93.2,93.12 1 1
github.com/palomavs/go-web-II/internal/products/repository.go:97.2,98.16 2 1
github.com/palomavs/go-web-II/internal/products/repository.go:102.2,102.28 1 1
github.com/palomavs/go-web-II/internal/products/repository.go:80.16,82.3 1 1
github.com/palomavs/go-web-II/internal/products/repository.go:84.26,85.27 1 1
github.com/palomavs/go-web-II/internal/products/repository.go:85.27,89.9 4 1
github.com/palomavs/go-web-II/internal/products/repository.go:93.12,95.3 1 1
github.com/palomavs/go-web-II/internal/products/repository.go:98.16,100.3 1 0
github.com/palomavs/go-web-II/internal/products/repository.go:105.122,112.16 5 1
github.com/palomavs/go-web-II/internal/products/repository.go:116.2,116.26 1 1
github.com/palomavs/go-web-II/internal/products/repository.go:126.2,126.12 1 1
github.com/palomavs/go-web-II/internal/products/repository.go:130.2,131.16 2 1
github.com/palomavs/go-web-II/internal/products/repository.go:135.2,135.29 1 1
github.com/palomavs/go-web-II/internal/products/repository.go:112.16,114.3 1 1
github.com/palomavs/go-web-II/internal/products/repository.go:116.26,117.27 1 1
github.com/palomavs/go-web-II/internal/products/repository.go:117.27,122.9 5 1
github.com/palomavs/go-web-II/internal/products/repository.go:126.12,128.3 1 1
github.com/palomavs/go-web-II/internal/products/repository.go:131.16,133.3 1 0
github.com/palomavs/go-web-II/internal/products/repository.go:138.88,144.16 5 1
github.com/palomavs/go-web-II/internal/products/repository.go:148.2,148.26 1 1
github.com/palomavs/go-web-II/internal/products/repository.go:156.2,156.12 1 1
github.com/palomavs/go-web-II/internal/products/repository.go:160.2,162.16 3 1
github.com/palomavs/go-web-II/internal/products/repository.go:166.2,166.22 1 1
github.com/palomavs/go-web-II/internal/products/repository.go:144.16,146.3 1 1
github.com/palomavs/go-web-II/internal/products/repository.go:148.26,149.27 1 1
github.com/palomavs/go-web-II/internal/products/repository.go:149.27,152.9 3 1
github.com/palomavs/go-web-II/internal/products/repository.go:156.12,158.3 1 1
github.com/palomavs/go-web-II/internal/products/repository.go:162.16,164.3 1 0
github.com/palomavs/go-web-II/internal/products/repository.go:169.84,174.16 4 1
github.com/palomavs/go-web-II/internal/products/repository.go:178.2,178.26 1 1
github.com/palomavs/go-web-II/internal/products/repository.go:186.2,186.12 1 1
github.com/palomavs/go-web-II/internal/products/repository.go:190.2,191.16 2 1
github.com/palomavs/go-web-II/internal/products/repository.go:195.2,195.22 1 1
github.com/palomavs/go-web-II/internal/products/repository.go:174.16,176.3 1 1
github.com/palomavs/go-web-II/internal/products/repository.go:178.26,179.27 1 1
github.com/palomavs/go-web-II/internal/products/repository.go:179.27,182.9 3 1
github.com/palomavs/go-web-II/internal/products/repository.go:186.12,188.3 1 1
github.com/palomavs/go-web-II/internal/products/repository.go:191.16,193.3 1 0
github.com/palomavs/go-web-II/internal/products/service.go:22.39,24.2 1 1
github.com/palomavs/go-web-II/internal/products/service.go:26.73,28.16 2 1
github.com/palomavs/go-web-II/internal/products/service.go:32.2,32.22 1 1
github.com/palomavs/go-web-II/internal/products/service.go:28.16,30.3 1 1
github.com/palomavs/go-web-II/internal/products/service.go:35.179,37.16 2 1
github.com/palomavs/go-web-II/internal/products/service.go:40.2,43.16 3 1
github.com/palomavs/go-web-II/internal/products/service.go:47.2,47.24 1 1
github.com/palomavs/go-web-II/internal/products/service.go:37.16,39.3 1 1
github.com/palomavs/go-web-II/internal/products/service.go:43.16,45.3 1 0
github.com/palomavs/go-web-II/internal/products/service.go:50.188,52.2 1 1
github.com/palomavs/go-web-II/internal/products/service.go:54.85,56.2 1 1
github.com/palomavs/go-web-II/internal/products/service.go:58.81,60.2 1 1
github.com/palomavs/go-web-II/internal/products/service.go:62.119,64.2 1 1
